<?xml version="1.0" encoding="UTF-8"?>
<!-- Generated by org.testng.reporters.JUnitReportReporter -->
<testsuite skipped="0" hostname="C100-17" name="com.practice.testcases.ListingTest" tests="10" failures="0" timestamp="01 Nov 2018 10:43:20 GMT" time="18.774" errors="0">
  <testcase name="listingpageTest" time="1.768" classname="com.practice.testcases.ListingTest"/>
  <testcase name="listingpageTest" time="1.783" classname="com.practice.testcases.ListingTest"/>
  <testcase name="verifyListingPageTitle" time="0.169" classname="com.practice.testcases.ListingTest"/>
  <testcase name="verifyListingPageTitle" time="0.049" classname="com.practice.testcases.ListingTest"/>
  <testcase name="verifyListing_Sort" time="1.341" classname="com.practice.testcases.ListingTest"/>
  <testcase name="verifyListing_Sort" time="1.340" classname="com.practice.testcases.ListingTest"/>
  <testcase name="verifyListing_lowtohigh" time="3.206" classname="com.practice.testcases.ListingTest"/>
  <testcase name="verifyListing_lowtohigh" time="3.060" classname="com.practice.testcases.ListingTest"/>
  <testcase name="verifyListing_hightolow" time="2.991" classname="com.practice.testcases.ListingTest"/>
  <testcase name="verifyListing_hightolow" time="3.067" classname="com.practice.testcases.ListingTest"/>
</testsuite> <!-- com.practice.testcases.ListingTest -->
