<?xml version="1.0" encoding="UTF-8"?>
<!-- Generated by org.testng.reporters.JUnitReportReporter -->
<testsuite skipped="0" hostname="C100-17" name="com.practice.testcases.ContactTest" tests="10" failures="0" timestamp="01 Nov 2018 10:43:20 GMT" time="16.284" errors="0">
  <testcase name="verifyConatctPageTitle" time="0.757" classname="com.practice.testcases.ContactTest"/>
  <testcase name="verifyConatctPageTitle" time="0.969" classname="com.practice.testcases.ContactTest"/>
  <testcase name="removeName" time="2.173" classname="com.practice.testcases.ContactTest"/>
  <testcase name="removeName" time="1.625" classname="com.practice.testcases.ContactTest"/>
  <testcase name="removeEmail" time="1.382" classname="com.practice.testcases.ContactTest"/>
  <testcase name="removeEmail" time="1.746" classname="com.practice.testcases.ContactTest"/>
  <testcase name="removeMobile" time="2.581" classname="com.practice.testcases.ContactTest"/>
  <testcase name="removeMobile" time="1.438" classname="com.practice.testcases.ContactTest"/>
  <testcase name="removeMsg" time="1.777" classname="com.practice.testcases.ContactTest"/>
  <testcase name="removeMsg" time="1.836" classname="com.practice.testcases.ContactTest"/>
</testsuite> <!-- com.practice.testcases.ContactTest -->
