<?xml version="1.0" encoding="UTF-8"?>
<!-- Generated by org.testng.reporters.JUnitReportReporter -->
<testsuite skipped="0" hostname="C100-17" name="com.practice.testcases.InvalidLoginTest" tests="6" failures="0" timestamp="01 Nov 2018 10:43:20 GMT" time="19.500" errors="0">
  <testcase name="balnk_fields" time="2.280" classname="com.practice.testcases.InvalidLoginTest"/>
  <testcase name="balnk_fields" time="2.872" classname="com.practice.testcases.InvalidLoginTest"/>
  <testcase name="balnk_password_fields" time="2.297" classname="com.practice.testcases.InvalidLoginTest"/>
  <testcase name="balnk_password_fields" time="2.808" classname="com.practice.testcases.InvalidLoginTest"/>
  <testcase name="balnk_Email_fields" time="6.216" classname="com.practice.testcases.InvalidLoginTest"/>
  <testcase name="balnk_Email_fields" time="3.027" classname="com.practice.testcases.InvalidLoginTest"/>
</testsuite> <!-- com.practice.testcases.InvalidLoginTest -->
