<?xml version="1.0" encoding="UTF-8"?>
<!-- Generated by org.testng.reporters.JUnitReportReporter -->
<testsuite skipped="0" hostname="C100-17" name="com.practice.testcases.ViewProfileDatadrivenTest" tests="12" failures="0" timestamp="01 Nov 2018 10:43:20 GMT" time="176.658" errors="0">
  <testcase name="viewprofile_login" time="2.076" classname="com.practice.testcases.ViewProfileDatadrivenTest"/>
  <testcase name="viewprofile_login" time="2.104" classname="com.practice.testcases.ViewProfileDatadrivenTest"/>
  <testcase name="viewprofile_datadriven" time="11.309" classname="com.practice.testcases.ViewProfileDatadrivenTest"/>
  <testcase name="viewprofile_datadriven" time="28.538" classname="com.practice.testcases.ViewProfileDatadrivenTest"/>
  <testcase name="viewprofile_datadriven" time="21.141" classname="com.practice.testcases.ViewProfileDatadrivenTest"/>
  <testcase name="viewprofile_datadriven" time="11.463" classname="com.practice.testcases.ViewProfileDatadrivenTest"/>
  <testcase name="viewprofile_datadriven" time="11.348" classname="com.practice.testcases.ViewProfileDatadrivenTest"/>
  <testcase name="viewprofile_datadriven" time="11.410" classname="com.practice.testcases.ViewProfileDatadrivenTest"/>
  <testcase name="viewprofile_datadriven" time="20.733" classname="com.practice.testcases.ViewProfileDatadrivenTest"/>
  <testcase name="viewprofile_datadriven" time="33.691" classname="com.practice.testcases.ViewProfileDatadrivenTest"/>
  <testcase name="viewprofile_datadriven" time="11.393" classname="com.practice.testcases.ViewProfileDatadrivenTest"/>
  <testcase name="viewprofile_datadriven" time="11.452" classname="com.practice.testcases.ViewProfileDatadrivenTest"/>
</testsuite> <!-- com.practice.testcases.ViewProfileDatadrivenTest -->
