<?xml version="1.0" encoding="UTF-8"?>
<!-- Generated by org.testng.reporters.JUnitReportReporter -->
<testsuite skipped="0" hostname="C100-17" name="com.practice.testcases.ViewProfileTest" tests="14" failures="0" timestamp="01 Nov 2018 10:43:20 GMT" time="57.412" errors="0">
  <testcase name="login" time="0.521" classname="com.practice.testcases.ViewProfileTest"/>
  <testcase name="login" time="0.594" classname="com.practice.testcases.ViewProfileTest"/>
  <testcase name="edit_profile_remove_firstname" time="12.286" classname="com.practice.testcases.ViewProfileTest"/>
  <testcase name="edit_profile_remove_firstname" time="17.051" classname="com.practice.testcases.ViewProfileTest"/>
  <testcase name="remove_lastName" time="2.791" classname="com.practice.testcases.ViewProfileTest"/>
  <testcase name="remove_lastName" time="2.649" classname="com.practice.testcases.ViewProfileTest"/>
  <testcase name="remove_mobile" time="2.885" classname="com.practice.testcases.ViewProfileTest"/>
  <testcase name="remove_mobile" time="2.733" classname="com.practice.testcases.ViewProfileTest"/>
  <testcase name="remove_firstname_withoutfilling_cutrrent_password" time="2.550" classname="com.practice.testcases.ViewProfileTest"/>
  <testcase name="remove_firstname_withoutfilling_cutrrent_password" time="2.723" classname="com.practice.testcases.ViewProfileTest"/>
  <testcase name="remove_lasname_withoutfilling_cutrrent_password" time="2.672" classname="com.practice.testcases.ViewProfileTest"/>
  <testcase name="remove_lasname_withoutfilling_cutrrent_password" time="2.568" classname="com.practice.testcases.ViewProfileTest"/>
  <testcase name="remove_mobile_withoutfilling_cutrrent_password" time="2.624" classname="com.practice.testcases.ViewProfileTest"/>
  <testcase name="remove_mobile_withoutfilling_cutrrent_password" time="2.765" classname="com.practice.testcases.ViewProfileTest"/>
</testsuite> <!-- com.practice.testcases.ViewProfileTest -->
