<?xml version="1.0" encoding="UTF-8"?>
<!-- Generated by org.testng.reporters.JUnitReportReporter -->
<testsuite skipped="0" hostname="C100-17" name="com.practice.testcases.LoginDataDrivenTest" tests="12" failures="0" timestamp="01 Nov 2018 10:43:20 GMT" time="47.651" errors="0">
  <testcase name="login" time="0.189" classname="com.practice.testcases.LoginDataDrivenTest"/>
  <testcase name="login" time="0.110" classname="com.practice.testcases.LoginDataDrivenTest"/>
  <testcase name="logindata_driver" time="3.353" classname="com.practice.testcases.LoginDataDrivenTest"/>
  <testcase name="logindata_driver" time="3.313" classname="com.practice.testcases.LoginDataDrivenTest"/>
  <testcase name="logindata_driver" time="3.313" classname="com.practice.testcases.LoginDataDrivenTest"/>
  <testcase name="logindata_driver" time="3.423" classname="com.practice.testcases.LoginDataDrivenTest"/>
  <testcase name="logindata_driver" time="6.582" classname="com.practice.testcases.LoginDataDrivenTest"/>
  <testcase name="logindata_driver" time="6.723" classname="com.practice.testcases.LoginDataDrivenTest"/>
  <testcase name="logindata_driver" time="3.431" classname="com.practice.testcases.LoginDataDrivenTest"/>
  <testcase name="logindata_driver" time="6.825" classname="com.practice.testcases.LoginDataDrivenTest"/>
  <testcase name="logindata_driver" time="3.384" classname="com.practice.testcases.LoginDataDrivenTest"/>
  <testcase name="logindata_driver" time="7.005" classname="com.practice.testcases.LoginDataDrivenTest"/>
</testsuite> <!-- com.practice.testcases.LoginDataDrivenTest -->
