<?xml version="1.0" encoding="UTF-8"?>
<!-- Generated by org.testng.reporters.JUnitReportReporter -->
<testsuite skipped="0" hostname="C100-17" name="com.practice.testcases.E2ETest" tests="22" failures="0" timestamp="01 Nov 2018 10:43:20 GMT" time="255.740" errors="0">
  <testcase name="SignUp" time="30.712" classname="com.practice.testcases.E2ETest"/>
  <testcase name="SignUp" time="33.513" classname="com.practice.testcases.E2ETest"/>
  <testcase name="invalidLogin" time="10.473" classname="com.practice.testcases.E2ETest"/>
  <testcase name="invalidLogin" time="7.356" classname="com.practice.testcases.E2ETest"/>
  <testcase name="validLogin" time="6.510" classname="com.practice.testcases.E2ETest"/>
  <testcase name="validLogin" time="8.082" classname="com.practice.testcases.E2ETest"/>
  <testcase name="loginDataDriven" time="8.318" classname="com.practice.testcases.E2ETest"/>
  <testcase name="loginDataDriven" time="7.924" classname="com.practice.testcases.E2ETest"/>
  <testcase name="loginDataDriven" time="4.311" classname="com.practice.testcases.E2ETest"/>
  <testcase name="loginDataDriven" time="7.794" classname="com.practice.testcases.E2ETest"/>
  <testcase name="loginDataDriven" time="4.324" classname="com.practice.testcases.E2ETest"/>
  <testcase name="loginDataDriven" time="4.335" classname="com.practice.testcases.E2ETest"/>
  <testcase name="loginDataDriven" time="4.342" classname="com.practice.testcases.E2ETest"/>
  <testcase name="loginDataDriven" time="7.529" classname="com.practice.testcases.E2ETest"/>
  <testcase name="loginDataDriven" time="4.352" classname="com.practice.testcases.E2ETest"/>
  <testcase name="loginDataDriven" time="4.287" classname="com.practice.testcases.E2ETest"/>
  <testcase name="viewProfile" time="29.870" classname="com.practice.testcases.E2ETest"/>
  <testcase name="viewProfile" time="34.792" classname="com.practice.testcases.E2ETest"/>
  <testcase name="contact" time="7.441" classname="com.practice.testcases.E2ETest"/>
  <testcase name="contact" time="9.342" classname="com.practice.testcases.E2ETest"/>
  <testcase name="verifyListing" time="8.344" classname="com.practice.testcases.E2ETest"/>
  <testcase name="verifyListing" time="11.789" classname="com.practice.testcases.E2ETest"/>
</testsuite> <!-- com.practice.testcases.E2ETest -->
