<?xml version="1.0" encoding="UTF-8"?>
<!-- Generated by org.testng.reporters.JUnitReportReporter -->
<testsuite skipped="0" hostname="C100-17" name="com.practice.testcases.LoginTest" tests="2" failures="0" timestamp="01 Nov 2018 10:43:20 GMT" time="7.917" errors="0">
  <testcase name="verifu_Login" time="4.390" classname="com.practice.testcases.LoginTest"/>
  <testcase name="verifu_Login" time="3.527" classname="com.practice.testcases.LoginTest"/>
</testsuite> <!-- com.practice.testcases.LoginTest -->
